<?xml version="1.0" encoding="UTF-8"?>
<testsuite name="com.blz.selenium.test.DataDrivenTest" tests="4" skipped="0" failures="0" errors="0" timestamp="2021-07-24T08:34:11" hostname="LAPTOP-GG01EQKS" time="81.734">
  <properties/>
  <testcase name="LoginTest[0](vaishnavibirle1133@gmail.com, vaishnavi@123, valid)" classname="com.blz.selenium.test.DataDrivenTest" time="36.773"/>
  <testcase name="LoginTest[1](vaishnavibirle1133@gmail.com, vaishnavi@1234, invalid)" classname="com.blz.selenium.test.DataDrivenTest" time="9.404"/>
  <testcase name="LoginTest[2](vaishnavibirle1133@gmail.com, vaishnavi@123, valid)" classname="com.blz.selenium.test.DataDrivenTest" time="19.72"/>
  <testcase name="LoginTest[3](vaishnavi@com.gmail, vaishn@1234, invalid)" classname="com.blz.selenium.test.DataDrivenTest" time="8.912"/>
  <system-out><![CDATA[Number of rows : 5
Number of columns : 3
vaishnavibirle1133@gmail.com | vaishnavi@123 | valid | 
vaishnavibirle1133@gmail.com | vaishnavi@1234 | invalid | 
vaishnavibirle1133@gmail.com | vaishnavi@123 | valid | 
vaishnavi@com.gmail | vaishn@1234 | invalid | 
[INFO ] 2021-07-24 14:04:11.925 [Test worker] Log - LoginTestTest is starting
[INFO ] 2021-07-24 14:04:12.055 [Test worker] Log - clicking sign in button
[INFO ] 2021-07-24 14:04:14.910 [Test worker] Log - Sending email or username in input_box
[INFO ] 2021-07-24 14:04:15.120 [Test worker] Log - sending password in input_box
[INFO ] 2021-07-24 14:04:17.375 [Test worker] Log - Clicking on sign in and logging into application
[INFO ] 2021-07-24 14:04:46.135 [Test worker] Log - Clicking on me button
[INFO ] 2021-07-24 14:04:46.327 [Test worker] Log - Clicking on sign out button
Method passed LoginTest
[INFO ] 2021-07-24 14:04:52.122 [Test worker] Log - Test is passed
[INFO ] 2021-07-24 14:04:53.148 [Test worker] Log - LoginTestTest is starting
[INFO ] 2021-07-24 14:04:53.162 [Test worker] Log - clicking sign in button
[INFO ] 2021-07-24 14:04:55.421 [Test worker] Log - Sending email or username in input_box
[INFO ] 2021-07-24 14:04:55.804 [Test worker] Log - sending password in input_box
[INFO ] 2021-07-24 14:04:58.185 [Test worker] Log - Clicking on sign in and logging into application
[INFO ] 2021-07-24 14:05:01.464 [Test worker] Log - Navigating url for again clicking on sign in
Method passed LoginTest
[INFO ] 2021-07-24 14:05:02.992 [Test worker] Log - Test is passed
[INFO ] 2021-07-24 14:05:03.430 [Test worker] Log - LoginTestTest is starting
[INFO ] 2021-07-24 14:05:03.444 [Test worker] Log - clicking sign in button
[INFO ] 2021-07-24 14:05:05.298 [Test worker] Log - Sending email or username in input_box
[INFO ] 2021-07-24 14:05:05.505 [Test worker] Log - sending password in input_box
[INFO ] 2021-07-24 14:05:07.724 [Test worker] Log - Clicking on sign in and logging into application
[INFO ] 2021-07-24 14:05:20.620 [Test worker] Log - Clicking on me button
[INFO ] 2021-07-24 14:05:20.806 [Test worker] Log - Clicking on sign out button
Method passed LoginTest
[INFO ] 2021-07-24 14:05:24.086 [Test worker] Log - Test is passed
[INFO ] 2021-07-24 14:05:24.747 [Test worker] Log - LoginTestTest is starting
[INFO ] 2021-07-24 14:05:24.764 [Test worker] Log - clicking sign in button
[INFO ] 2021-07-24 14:05:26.893 [Test worker] Log - Sending email or username in input_box
[INFO ] 2021-07-24 14:05:27.064 [Test worker] Log - sending password in input_box
[INFO ] 2021-07-24 14:05:29.518 [Test worker] Log - Clicking on sign in and logging into application
[INFO ] 2021-07-24 14:05:32.721 [Test worker] Log - Navigating url for again clicking on sign in
Method passed LoginTest
[INFO ] 2021-07-24 14:05:34.627 [Test worker] Log - Test is passed
]]></system-out>
  <system-err><![CDATA[]]></system-err>
</testsuite>
